<?xml version="1.0" encoding="UTF-8"?>
<!-- Generated by org.testng.reporters.JUnitReportReporter -->
<testsuite hostname="Mokshi" failures="0" tests="1" name="interviewquestions.JAVASCRIPT" time="5.438" errors="0" timestamp="2024-08-08T02:21:44 CDT" skipped="0">
  <testcase classname="interviewquestions.JAVASCRIPT" name="js" time="5.438"/>
</testsuite> <!-- interviewquestions.JAVASCRIPT -->
