<?xml version="1.0" encoding="UTF-8"?>
<!-- Generated by org.testng.reporters.JUnitReportReporter -->
<testsuite hostname="Mokshi" failures="0" tests="1" name="Anvesh_sel.uniform" time="14.651" errors="0" timestamp="2024-08-14T18:20:56 CDT" skipped="0">
  <testcase classname="Anvesh_sel.uniform" name="uniformd" time="14.651"/>
</testsuite> <!-- Anvesh_sel.uniform -->
