<?xml version="1.0" encoding="UTF-8"?>
<!-- Generated by org.testng.reporters.JUnitReportReporter -->
<testsuite hostname="Mokshi" failures="0" tests="1" name="Anvesh_sel.propperties" time="5.255" errors="0" timestamp="2024-08-21T01:55:03 CDT" skipped="0">
  <testcase classname="Anvesh_sel.propperties" name="proper" time="5.255"/>
</testsuite> <!-- Anvesh_sel.propperties -->
