<?xml version="1.0" encoding="UTF-8"?>
<!-- Generated by org.testng.reporters.JUnitReportReporter -->
<testsuite hostname="Mokshi" failures="0" tests="1" name="udemyquiz.inspector" time="2.529" errors="0" timestamp="2024-08-12T13:09:15 CDT" skipped="0">
  <testcase classname="udemyquiz.inspector" name="test" time="2.529"/>
</testsuite> <!-- udemyquiz.inspector -->
