<?xml version="1.0" encoding="UTF-8"?>
<!-- Generated by org.testng.reporters.JUnitReportReporter -->
<testsuite hostname="Mokshi" failures="0" tests="5" name="PRACTICE.invocationtestng" time="19.923" errors="0" timestamp="2024-07-23T22:33:08 CDT" skipped="0">
  <testcase classname="PRACTICE.invocationtestng" name="gettitle" time="3.848"/>
  <testcase classname="PRACTICE.invocationtestng" name="gettitle" time="5.179"/>
  <testcase classname="PRACTICE.invocationtestng" name="gettitle" time="4.154"/>
  <testcase classname="PRACTICE.invocationtestng" name="gettitle" time="3.307"/>
  <testcase classname="PRACTICE.invocationtestng" name="gettitle" time="3.435"/>
</testsuite> <!-- PRACTICE.invocationtestng -->
