<?xml version="1.0" encoding="UTF-8"?>
<!-- Generated by org.testng.reporters.JUnitReportReporter -->
<testsuite hostname="Mokshi" failures="0" tests="1" name="testng.ddatprovider" time="0.002" errors="0" timestamp="2024-08-28T02:09:11 CDT" skipped="0">
  <testcase classname="testng.ddatprovider" name="dataprovider" time="0.002">
    <system-out>
      <![CDATA[dataprovidertest started
admin
password
dataprovidertest passed]]>
    </system-out>
  </testcase> <!-- dataprovider -->
  <system-out>
    <![CDATA[beforesuite method
execution started
beforeclass method
beforemethod method
firsttesttest started
first testcase running
firsttesttest passed
firsttestpassed
aftermethod method
beforemethod method
secondtesttest started
second testcase running
secondtesttest passed
secondtestpassed
aftermethod method
afterclass method
s1test started
s1test passed
s2test started
s2test passed
s3test started
s3test passed
s4test started
this test s4 shoould fail as it is not null
s4test fialed
s5test started
s5test passed
s6test started
s6test fialed
dataprovidertest started
admin
password
dataprovidertest passed
forgottest fialed
s2test started
s2 is reunning
s2test fialed
test failed ats2
s3test started
s2 is reunning
s3test passed
test passed ats3
paramtest fialed
s1test started
first smoke test 
s1test passed
s2test started
first smoke test 
s2test passed
s3test started
first smoke test 
s3test passed
tc4test started
tc4 is running
tc4test passed
tc4test started
tc4 is running
tc4test passed
tc4test started
tc4 is running
tc4test passed
tc2test started
tc2 is running
tc2test passed
tc3test started
tc3test passed
tc5test started
tc5 is running
tc5test passed
tc1test started
tc1 is running
tc1test passed
execution finished
aftersuite method]]>
  </system-out>
</testsuite> <!-- testng.ddatprovider -->
