<?xml version="1.0" encoding="UTF-8"?>
<!-- Generated by org.testng.reporters.JUnitReportReporter -->
<testsuite hostname="Mokshi" failures="0" tests="2" name="inheritance.ps2" time="0.010" errors="0" timestamp="2024-08-08T20:18:37 CDT" skipped="0">
  <testcase classname="inheritance.ps2" name="test2" time="0.009"/>
  <testcase classname="inheritance.ps2" name="testruns" time="0.001"/>
</testsuite> <!-- inheritance.ps2 -->
