<?xml version="1.0" encoding="UTF-8"?>
<!-- Generated by org.testng.reporters.JUnitReportReporter -->
<testsuite hostname="Mokshi" failures="0" tests="1" name="Anvesh_sel.excel" time="0.491" errors="0" timestamp="2024-08-20T23:43:20 CDT" skipped="0">
  <testcase classname="Anvesh_sel.excel" name="excel" time="0.491"/>
</testsuite> <!-- Anvesh_sel.excel -->
