<?xml version="1.0" encoding="UTF-8"?>
<!-- Generated by org.testng.reporters.JUnitReportReporter -->
<testsuite hostname="Mokshi" failures="0" tests="1" name="Anvesh_sel.assignment_windows" time="10.231" errors="0" timestamp="2024-08-14T18:36:47 CDT" skipped="0">
  <testcase classname="Anvesh_sel.assignment_windows" name="getwindows" time="10.231"/>
</testsuite> <!-- Anvesh_sel.assignment_windows -->
