<?xml version="1.0" encoding="UTF-8"?>
<!-- Generated by org.testng.reporters.JUnitReportReporter -->
<testsuite hostname="Mokshi" failures="0" tests="4" name="PRACTICE.assertions" time="0.022" errors="0" timestamp="2024-07-23T23:00:06 CDT" skipped="0">
  <testcase classname="PRACTICE.assertions" name="loignin1" time="0.011"/>
  <testcase classname="PRACTICE.assertions" name="signin2" time="0.008"/>
  <testcase classname="PRACTICE.assertions" name="signin3" time="0.002"/>
  <testcase classname="PRACTICE.assertions" name="signin11" time="0.001"/>
</testsuite> <!-- PRACTICE.assertions -->
