<?xml version="1.0" encoding="UTF-8"?>
<!-- Generated by org.testng.reporters.JUnitReportReporter -->
<testsuite hostname="Mokshi" failures="0" tests="1" name="inheritance.ps3" time="0.010" errors="0" timestamp="2024-09-02T23:46:28 CDT" skipped="0">
  <testcase classname="inheritance.ps3" name="ps" time="0.010"/>
</testsuite> <!-- inheritance.ps3 -->
