<?xml version="1.0" encoding="UTF-8"?>
<!-- Generated by org.testng.reporters.JUnitReportReporter -->
<testsuite hostname="Mokshi" failures="0" tests="4" name="PRACTICE.grouping" time="0.017" errors="0" timestamp="2024-07-23T23:52:30 CDT" skipped="0">
  <testcase classname="PRACTICE.grouping" name="login" time="0.002"/>
  <testcase classname="PRACTICE.grouping" name="slectitem" time="0.001"/>
  <testcase classname="PRACTICE.grouping" name="entercresd" time="0.002"/>
  <testcase classname="PRACTICE.grouping" name="clciksubmit" time="0.012"/>
</testsuite> <!-- PRACTICE.grouping -->
