<?xml version="1.0" encoding="UTF-8"?>
<!-- Generated by org.testng.reporters.JUnitReportReporter -->
<testsuite hostname="Mokshi" failures="0" tests="1" name="Anvesh_sel.excel_login" time="15.888" errors="0" timestamp="2024-08-22T16:59:35 CDT" skipped="0">
  <testcase classname="Anvesh_sel.excel_login" name="login" time="15.888"/>
</testsuite> <!-- Anvesh_sel.excel_login -->
