<?xml version="1.0" encoding="UTF-8"?>
<!-- Generated by org.testng.reporters.JUnitReportReporter -->
<testsuite hostname="Mokshi" failures="0" tests="2" name="testng.paramaeter" time="21.716" errors="0" timestamp="2024-08-28T02:38:19 CDT" skipped="0">
  <testcase classname="testng.paramaeter" name="param" time="5.558"/>
  <testcase classname="testng.paramaeter" name="param" time="16.158"/>
</testsuite> <!-- testng.paramaeter -->
