<?xml version="1.0" encoding="UTF-8"?>
<!-- Generated by org.testng.reporters.JUnitReportReporter -->
<testsuite hostname="Mokshi" failures="0" tests="2" name="POM.orange.orangetest" time="15.146" errors="0" timestamp="2024-09-10T16:49:20 CDT" skipped="0">
  <testcase classname="POM.orange.orangetest" name="forgottest" time="10.593"/>
  <testcase classname="POM.orange.orangetest" name="logintest" time="4.553"/>
</testsuite> <!-- POM.orange.orangetest -->
