<?xml version="1.0" encoding="UTF-8"?>
<!-- Generated by org.testng.reporters.JUnitReportReporter -->
<testsuite hostname="Mokshi" failures="0" tests="1" name="interviewquestions.navigation" time="8.997" errors="0" timestamp="2024-08-01T00:27:13 CDT" skipped="0">
  <testcase classname="interviewquestions.navigation" name="naviagation" time="8.997"/>
</testsuite> <!-- interviewquestions.navigation -->
