<?xml version="1.0" encoding="UTF-8"?>
<!-- Generated by org.testng.reporters.JUnitReportReporter -->
<testsuite hostname="Mokshi" failures="0" tests="7" name="Anvesh_sel.testng" time="5.028" errors="0" timestamp="2024-08-26T20:11:54 CDT" skipped="0">
  <testcase classname="Anvesh_sel.testng" name="tc4" time="0.001">
    <system-out>
      <![CDATA[tc4 is running]]>
    </system-out>
  </testcase> <!-- tc4 -->
  <testcase classname="Anvesh_sel.testng" name="tc4" time="0.000">
    <system-out>
      <![CDATA[tc4 is running]]>
    </system-out>
  </testcase> <!-- tc4 -->
  <testcase classname="Anvesh_sel.testng" name="tc4" time="0.001">
    <system-out>
      <![CDATA[tc4 is running]]>
    </system-out>
  </testcase> <!-- tc4 -->
  <testcase classname="Anvesh_sel.testng" name="tc2" time="0.011">
    <system-out>
      <![CDATA[tc2 is running]]>
    </system-out>
  </testcase> <!-- tc2 -->
  <testcase classname="Anvesh_sel.testng" name="tc3" time="5.013"/>
  <testcase classname="Anvesh_sel.testng" name="tc5" time="0.001">
    <system-out>
      <![CDATA[tc5 is running]]>
    </system-out>
  </testcase> <!-- tc5 -->
  <testcase classname="Anvesh_sel.testng" name="tc1" time="0.001">
    <system-out>
      <![CDATA[tc1 is running]]>
    </system-out>
  </testcase> <!-- tc1 -->
  <system-out>
    <![CDATA[tc2 is running
tc5 is running
tc1 is running
tc4 is running
tc4 is running
tc4 is running]]>
  </system-out>
</testsuite> <!-- Anvesh_sel.testng -->
